c:\directx\game\engine\x64\debug\engine.pch
c:\directx\game\output\engine.pdb
c:\directx\game\output\engine.idb
c:\directx\game\engine\x64\debug\pch.obj
c:\directx\game\engine\x64\debug\tabledescriptorheap.obj
c:\directx\game\engine\x64\debug\swapchain.obj
c:\directx\game\engine\x64\debug\shader.obj
c:\directx\game\engine\x64\debug\rootsignature.obj
c:\directx\game\engine\x64\debug\mesh.obj
c:\directx\game\engine\x64\debug\enginepch.obj
c:\directx\game\engine\x64\debug\engine.obj
c:\directx\game\engine\x64\debug\device.obj
c:\directx\game\engine\x64\debug\constantbuffer.obj
c:\directx\game\engine\x64\debug\commandqueue.obj
c:\directx\game\output\engine.lib
c:\directx\game\engine\x64\debug\engine.tlog\cl.command.1.tlog
c:\directx\game\engine\x64\debug\engine.tlog\cl.read.1.tlog
c:\directx\game\engine\x64\debug\engine.tlog\cl.write.1.tlog
c:\directx\game\engine\x64\debug\engine.tlog\lib-link.read.1.tlog
c:\directx\game\engine\x64\debug\engine.tlog\lib-link.write.1.tlog
c:\directx\game\engine\x64\debug\engine.tlog\lib.command.1.tlog
